<?xml version="1.0" encoding="UTF-8"?>
<!-- Generated by org.testng.reporters.JUnitReportReporter -->
<testsuite hostname="DESKTOP-7BKVPRA" failures="0" tests="1" name="houserental_automateTest.DetailSystemBaseClassTest" time="3.392" errors="0" timestamp="2023-07-14T16:01:24 IST" skipped="0">
  <testcase classname="houserental_automateTest.DetailSystemBaseClassTest" name="detailSystemBase" time="3.392"/>
  <system-out>
    <![CDATA[connected to database
Browser is launched
browser is closed
database connection is closed]]>
  </system-out>
</testsuite> <!-- houserental_automateTest.DetailSystemBaseClassTest -->
