<?xml version="1.0" encoding="UTF-8"?>
<!-- Generated by org.testng.reporters.JUnitReportReporter -->
<testsuite hostname="DESKTOP-D60IPU2" failures="0" tests="3" name="homepractice.DataProvider" time="0.012" errors="0" timestamp="2023-07-07T11:39:27 IST" skipped="0">
  <testcase classname="homepractice.DataProvider" name="getBookDetails" time="0.001"/>
  <system-out/>
  <testcase classname="homepractice.DataProvider" name="getBookDetails" time="0.001"/>
  <system-out/>
  <testcase classname="homepractice.DataProvider" name="getBookDetails" time="0.010"/>
  <system-out/>
</testsuite> <!-- homepractice.DataProvider -->
