<?xml version="1.0" encoding="UTF-8"?>
<!-- Generated by org.testng.reporters.JUnitReportReporter -->
<testsuite hostname="DESKTOP-7BKVPRA" failures="0" tests="1" name="houserental_automateTest.DetailmoduSyBaseClassTest" time="24.323" errors="0" timestamp="2023-07-14T22:43:14 IST" skipped="0">
  <testcase classname="houserental_automateTest.DetailmoduSyBaseClassTest" name="details" time="24.323"/>
  <system-out>
    <![CDATA[connected to database
Browser is launched
browser is closed
database connection is closed]]>
  </system-out>
</testsuite> <!-- houserental_automateTest.DetailmoduSyBaseClassTest -->
